<!DOCTYPE html>
<html lang="en-us">
  <head>
    <meta charset="utf-8">
    <meta name="viewport" content="width=device-width, initial-scale=1">
    <title>How joins work | xluffy&#39;s page</title>
    <link rel="stylesheet" href="/css/style.css" />
    <link rel="stylesheet" href="/css/fonts.css" />
    
    <header>

  
  <link rel="stylesheet" href="https://cdnjs.cloudflare.com/ajax/libs/highlight.js/9.12.0/styles/atom-one-light.min.css">
  <script src="https://cdnjs.cloudflare.com/ajax/libs/highlight.js/9.12.0/highlight.min.js"></script>
  <script>hljs.initHighlightingOnLoad();</script>
  <nav>
    <ul>
      
      
      <li class="pull-left ">
        <a href="https://xluffy.github.io">/home/xluffy&#39;s page</a>
      </li>
      
      
      <li class="pull-left ">
        <a href="/categories/">~/categories</a>
      </li>
      

      
      
      <li class="pull-right">
        <a href="/index.xml">~/subscribe</a>
      </li>
      

    </ul>
  </nav>
</header>

  </head>

  <body>
    <br/>

<div class="article-meta">
<h1><span class="title">How joins work</span></h1>

<h2 class="date">2018/05/18</h2>
<p class="terms">
  
  
  Categories: <a href="/categories/sql">sql</a> 
  
  
  
  
</p>
</div>



<main>


<p>Truy vấn JOIN là một trong các truy vấn rất thường được sử dụng và mạnh mẽ trong hệ CSQL quan hệ. Tuy nhiên thường thì ta chỉ quan tâm tới <a href="http://sql-joins.leopard.in.ua">các phép toán JOIN</a> chứ ít khi quan tâm SQL engine xử lý như thê nào trên các phép JOIN đó.</p>

<p>Bài này giải thích một số thuật toán thường gặp mà database sử dụng để tính toán bao gồm các thuật toán như: nested loop, hash, and merge joins.</p>

<p>Ở đây ta sẽ dùng dữ liệu mẫu <a href="http://pgfoundry.org/frs/download.php/527/world-1.0.tar.gz">world</a> từ pgfoundry.</p>

<h2 id="1-nested-loop-join">1. Nested Loop Join</h2>

<p>Phép JOIN này yêu cầu <strong>mọi hàng</strong> của một bảng kết hợp với <strong>mọi hàng</strong> của bảng khác. Mã giả như sau</p>

<pre><code class="language-bash">for x in $(seq 1 3); do
  for y in $(seq 1 3); do
    echo &quot;${x}-${y}&quot;
  done
done

1-1
1-2
1-3
2-1
2-2
2-3
3-1
3-2
3-3
</code></pre>

<p>Ví dụ với dữ liệu mẫu, phép JOIN sau dùng nested loop join</p>

<pre><code>SELECT COUNT(*) FROM country JOIN countrylanguage ON true;

235176
</code></pre>

<pre><code>world=# explain SELECT COUNT(*) FROM country JOIN countrylanguage ON true;;
                                  QUERY PLAN
------------------------------------------------------------------------------
 Aggregate  (cost=3551.47..3551.48 rows=1 width=0)
   -&gt;  Nested Loop  (cost=0.00..2963.53 rows=235176 width=0)
         -&gt;  Seq Scan on countrylanguage  (cost=0.00..15.84 rows=984 width=0)
         -&gt;  Materialize  (cost=0.00..8.59 rows=239 width=0)
               -&gt;  Seq Scan on country  (cost=0.00..7.39 rows=239 width=0)
</code></pre>

<h2 id="ref">Ref</h2>

<ul>
<li><a href="https://www.periscopedata.com/blog/how-joins-work">https://www.periscopedata.com/blog/how-joins-work</a></li>
</ul>

</main>

    <footer>
      
<script>
(function() {
  function center_el(tagName) {
    var tags = document.getElementsByTagName(tagName), i, tag;
    for (i = 0; i < tags.length; i++) {
      tag = tags[i];
      var parent = tag.parentElement;
      
      if (parent.childNodes.length === 1) {
        
        if (parent.nodeName === 'A') {
          parent = parent.parentElement;
          if (parent.childNodes.length != 1) continue;
        }
        if (parent.nodeName === 'P') parent.style.textAlign = 'center';
      }
    }
  }
  var tagNames = ['img', 'embed', 'object'];
  for (var i = 0; i < tagNames.length; i++) {
    center_el(tagNames[i]);
  }
})();
</script>

      
      <hr/>
      <a href="https://github.com/xluffy">Github</a> | <a href="https://twitter.com/min0lta">Twitter</a> | <a href="https://t.me/xluffy">Telegram</a>
      
      <br><a href="https://creativecommons.org/licenses/by-nc-nd/4.0/"><img alt="Creative Commons License" src="https://i.creativecommons.org/l/by-nc-nd/4.0/80x15.png"></a>
    </footer>
  </body>
</html>

